0 info it worked if it ends with ok
1 verbose cli [ 'C:\\Program Files\\nodejs\\node.exe',
1 verbose cli   'C:\\Program Files\\nodejs\\node_modules\\npm\\bin\\npm-cli.js',
1 verbose cli   'install',
1 verbose cli   'loadsh' ]
2 info using npm@3.10.3
3 info using node@v6.3.0
4 silly loadCurrentTree Starting
5 silly install loadCurrentTree
6 silly install readLocalPackageData
7 silly fetchPackageMetaData loadsh
8 silly fetchNamedPackageData loadsh
9 silly mapToRegistry name loadsh
10 silly mapToRegistry using default registry
11 silly mapToRegistry registry https://registry.nodejitsu.com/
12 silly mapToRegistry data Result {
12 silly mapToRegistry   raw: 'loadsh',
12 silly mapToRegistry   scope: null,
12 silly mapToRegistry   escapedName: 'loadsh',
12 silly mapToRegistry   name: 'loadsh',
12 silly mapToRegistry   rawSpec: '',
12 silly mapToRegistry   spec: 'latest',
12 silly mapToRegistry   type: 'tag' }
13 silly mapToRegistry uri https://registry.nodejitsu.com/loadsh
14 verbose request uri https://registry.nodejitsu.com/loadsh
15 verbose request no auth needed
16 info attempt registry request try #1 at 12:55:25 PM
17 verbose request id 93164d54b7fc40c9
18 http request GET https://registry.nodejitsu.com/loadsh
19 info retry will retry, error on last attempt: Error: certificate has expired
20 info attempt registry request try #2 at 12:55:36 PM
21 http request GET https://registry.nodejitsu.com/loadsh
22 info retry will retry, error on last attempt: Error: certificate has expired
23 info attempt registry request try #3 at 12:56:37 PM
24 http request GET https://registry.nodejitsu.com/loadsh
25 silly fetchPackageMetaData Error: certificate has expired
25 silly fetchPackageMetaData     at Error (native)
25 silly fetchPackageMetaData     at TLSSocket.<anonymous> (_tls_wrap.js:1060:38)
25 silly fetchPackageMetaData     at emitNone (events.js:86:13)
25 silly fetchPackageMetaData     at TLSSocket.emit (events.js:185:7)
25 silly fetchPackageMetaData     at TLSSocket._finishInit (_tls_wrap.js:584:8)
25 silly fetchPackageMetaData     at TLSWrap.ssl.onhandshakedone (_tls_wrap.js:416:38)
25 silly fetchPackageMetaData  error for loadsh { Error: certificate has expired
25 silly fetchPackageMetaData     at Error (native)
25 silly fetchPackageMetaData     at TLSSocket.<anonymous> (_tls_wrap.js:1060:38)
25 silly fetchPackageMetaData     at emitNone (events.js:86:13)
25 silly fetchPackageMetaData     at TLSSocket.emit (events.js:185:7)
25 silly fetchPackageMetaData     at TLSSocket._finishInit (_tls_wrap.js:584:8)
25 silly fetchPackageMetaData     at TLSWrap.ssl.onhandshakedone (_tls_wrap.js:416:38) code: 'CERT_HAS_EXPIRED' }
26 silly rollbackFailedOptional Starting
27 silly rollbackFailedOptional Finishing
28 silly runTopLevelLifecycles Starting
29 silly runTopLevelLifecycles Finishing
30 silly install printInstalled
31 verbose stack Error: certificate has expired
31 verbose stack     at Error (native)
31 verbose stack     at TLSSocket.<anonymous> (_tls_wrap.js:1060:38)
31 verbose stack     at emitNone (events.js:86:13)
31 verbose stack     at TLSSocket.emit (events.js:185:7)
31 verbose stack     at TLSSocket._finishInit (_tls_wrap.js:584:8)
31 verbose stack     at TLSWrap.ssl.onhandshakedone (_tls_wrap.js:416:38)
32 verbose cwd D:\Trainer
33 error Windows_NT 6.1.7600
34 error argv "C:\\Program Files\\nodejs\\node.exe" "C:\\Program Files\\nodejs\\node_modules\\npm\\bin\\npm-cli.js" "install" "loadsh"
35 error node v6.3.0
36 error npm  v3.10.3
37 error code CERT_HAS_EXPIRED
38 error certificate has expired
39 error If you need help, you may report this error at:
39 error     <https://github.com/npm/npm/issues>
40 verbose exit [ 1, true ]
